INFO:__main__:============================================================
INFO:__main__:Starting data collection pipeline
INFO:__main__:============================================================
INFO:__main__:Step 1: Downloading recent 5min data from yfinance...
INFO:__main__:Downloading GC=F from 2026-03-25 to 2026-04-01, interval=5m
INFO:__main__:Downloaded 1317 rows of 5m data
INFO:__main__:Step 2: Downloading daily data from yfinance...
INFO:__main__:Downloading daily data from 2023-04-02 to 2026-04-01
INFO:__main__:Downloaded 754 rows of daily data
INFO:__main__:Step 3: Generating synthetic intraday data from daily...
INFO:__main__:Generated 215712 synthetic M5 candles
INFO:__main__:Step 4: Cleaning data...
INFO:__main__:Step 5: Resampling to other timeframes...
/home/ahmed/gold_trading_system/scripts/01_data_collection.py:239: FutureWarning: 'T' is deprecated and will be removed in a future version, please use 'min' instead.
  resampled = df.resample(rule).agg(agg_rules).dropna()
/home/ahmed/gold_trading_system/scripts/01_data_collection.py:239: FutureWarning: 'T' is deprecated and will be removed in a future version, please use 'min' instead.
  resampled = df.resample(rule).agg(agg_rules).dropna()
/home/ahmed/gold_trading_system/scripts/01_data_collection.py:239: FutureWarning: 'H' is deprecated and will be removed in a future version, please use 'h' instead.
  resampled = df.resample(rule).agg(agg_rules).dropna()
/home/ahmed/gold_trading_system/scripts/01_data_collection.py:239: FutureWarning: 'H' is deprecated and will be removed in a future version, please use 'h' instead.
  resampled = df.resample(rule).agg(agg_rules).dropna()
INFO:__main__:Step 6: Storing to database...
INFO:__main__:Stored 216204 rows to ohlc_m5
INFO:__main__:Stored 216204 rows to ohlc_m1
INFO:__main__:Stored 72338 rows to ohlc_m15
INFO:__main__:Stored 18085 rows to ohlc_h1
INFO:__main__:Stored 4524 rows to ohlc_h4
INFO:__main__:Stored 755 rows to ohlc_d1
INFO:__main__:Step 7: Fetching news sentiment...
INFO:__main__:============================================================
INFO:__main__:Step 7: Fetching news sentiment
INFO:__main__:============================================================
INFO:__main__:Fetching news from Alpha Vantage (2023-01-01 to 2026-04-01)...
INFO:__main__:Fetching Alpha Vantage news from 2023-01-01 to 2026-04-01...
INFO:__main__:Fetching AV news for XAUUSD (2023-01-01 to 2023-01-31)...
INFO:__main__:  Got 0 articles for XAUUSD
INFO:__main__:Fetching AV news for GOLD (2023-01-01 to 2023-01-31)...
INFO:__main__:  Got 0 articles for GOLD
INFO:__main__:Fetching AV news for GLD (2023-01-01 to 2023-01-31)...
INFO:__main__:  Got 0 articles for GLD
INFO:__main__:Fetching AV news for GDX (2023-01-01 to 2023-01-31)...
INFO:__main__:  Got 0 articles for GDX
INFO:__main__:Fetching AV news for XAUUSD (2023-02-01 to 2023-03-03)...
INFO:__main__:  Got 0 articles for XAUUSD
INFO:__main__:Fetching AV news for GOLD (2023-02-01 to 2023-03-03)...
INFO:__main__:  Got 0 articles for GOLD
INFO:__main__:Fetching AV news for GLD (2023-02-01 to 2023-03-03)...
INFO:__main__:  Got 1 articles for GLD
INFO:__main__:Fetching AV news for GDX (2023-02-01 to 2023-03-03)...
INFO:__main__:  Got 2 articles for GDX
INFO:__main__:Fetching AV news for XAUUSD (2023-03-04 to 2023-04-03)...
INFO:__main__:  Got 0 articles for XAUUSD
INFO:__main__:Fetching AV news for GOLD (2023-03-04 to 2023-04-03)...
INFO:__main__:  Got 0 articles for GOLD
INFO:__main__:Fetching AV news for GLD (2023-03-04 to 2023-04-03)...
INFO:__main__:  Got 2 articles for GLD
INFO:__main__:Fetching AV news for GDX (2023-03-04 to 2023-04-03)...
INFO:__main__:  Got 0 articles for GDX
INFO:__main__:Fetching AV news for XAUUSD (2023-04-04 to 2023-05-04)...
INFO:__main__:  Got 0 articles for XAUUSD
INFO:__main__:Fetching AV news for GOLD (2023-04-04 to 2023-05-04)...
INFO:__main__:  Got 0 articles for GOLD
INFO:__main__:Fetching AV news for GLD (2023-04-04 to 2023-05-04)...
INFO:__main__:  Got 0 articles for GLD
INFO:__main__:Fetching AV news for GDX (2023-04-04 to 2023-05-04)...
INFO:__main__:  Got 0 articles for GDX
INFO:__main__:Fetching AV news for XAUUSD (2023-05-05 to 2023-06-04)...
INFO:__main__:  Got 0 articles for XAUUSD
INFO:__main__:Fetching AV news for GOLD (2023-05-05 to 2023-06-04)...
INFO:__main__:  Got 0 articles for GOLD
INFO:__main__:Fetching AV news for GLD (2023-05-05 to 2023-06-04)...
INFO:__main__:  Got 0 articles for GLD
INFO:__main__:Fetching AV news for GDX (2023-05-05 to 2023-06-04)...
INFO:__main__:  Got 0 articles for GDX
INFO:__main__:Fetching AV news for XAUUSD (2023-06-05 to 2023-07-05)...
INFO:__main__:  Got 0 articles for XAUUSD
INFO:__main__:Fetching AV news for GOLD (2023-06-05 to 2023-07-05)...
INFO:__main__:  Got 0 articles for GOLD
INFO:__main__:Fetching AV news for GLD (2023-06-05 to 2023-07-05)...
INFO:__main__:  Got 0 articles for GLD
INFO:__main__:Fetching AV news for GDX (2023-06-05 to 2023-07-05)...
INFO:__main__:  Got 0 articles for GDX
INFO:__main__:Fetching AV news for XAUUSD (2023-07-06 to 2023-08-05)...
INFO:__main__:  Got 0 articles for XAUUSD
INFO:__main__:Fetching AV news for GOLD (2023-07-06 to 2023-08-05)...
WARNING:__main__:Alpha Vantage rate limit hit, waiting 60s...
INFO:__main__:  No articles found for GOLD: We have detected your API key as JB6JPP6Q4DBMCY2T and our standard API rate limit is 25 requests per day. Please subscribe to any of the premium plans at https://www.alphavantage.co/premium/ to instantly remove all daily rate limits.
INFO:__main__:Fetching AV news for GLD (2023-07-06 to 2023-08-05)...
WARNING:__main__:Alpha Vantage rate limit hit, waiting 60s...
INFO:__main__:  No articles found for GLD: We have detected your API key as JB6JPP6Q4DBMCY2T and our standard API rate limit is 25 requests per day. Please subscribe to any of the premium plans at https://www.alphavantage.co/premium/ to instantly remove all daily rate limits.
INFO:__main__:Fetching AV news for GDX (2023-07-06 to 2023-08-05)...
WARNING:__main__:Alpha Vantage rate limit hit, waiting 60s...
INFO:__main__:  No articles found for GDX: We have detected your API key as JB6JPP6Q4DBMCY2T and our standard API rate limit is 25 requests per day. Please subscribe to any of the premium plans at https://www.alphavantage.co/premium/ to instantly remove all daily rate limits.
