Gym has been unmaintained since 2022 and does not support NumPy 2.0 amongst other critical functionality.
Please upgrade to Gymnasium, the maintained drop-in replacement of Gym, or contact the authors of your software and request that they upgrade.
Users of this version of Gym should be able to simply replace 'import gym' with 'import gymnasium as gym' in the vast majority of cases.
See the migration guide at https://gymnasium.farama.org/introduction/migration_guide/ for additional information.
Using cpu device
-----------------------------
| time/              |      |
|    fps             | 542  |
|    iterations      | 1    |
|    time_elapsed    | 3    |
|    total_timesteps | 2048 |
-----------------------------
------------------------------------------
| time/                   |              |
|    fps                  | 436          |
|    iterations           | 2            |
|    time_elapsed         | 9            |
|    total_timesteps      | 4096         |
| train/                  |              |
|    approx_kl            | 0.0082013905 |
|    clip_fraction        | 0.0636       |
|    clip_range           | 0.2          |
|    entropy_loss         | -1.09        |
|    explained_variance   | -0.000882    |
|    learning_rate        | 0.0003       |
|    loss                 | 1.07e+04     |
|    n_updates            | 10           |
|    policy_gradient_loss | -0.00244     |
|    value_loss           | 3.32e+04     |
------------------------------------------
-----------------------------------------
| time/                   |             |
|    fps                  | 443         |
|    iterations           | 3           |
|    time_elapsed         | 13          |
|    total_timesteps      | 6144        |
| train/                  |             |
|    approx_kl            | 0.010681042 |
|    clip_fraction        | 0.186       |
|    clip_range           | 0.2         |
|    entropy_loss         | -1.08       |
|    explained_variance   | 0.0625      |
|    learning_rate        | 0.0003      |
|    loss                 | 1.9         |
|    n_updates            | 20          |
|    policy_gradient_loss | -0.00447    |
|    value_loss           | 136         |
-----------------------------------------
------------------------------------------
| time/                   |              |
|    fps                  | 449          |
|    iterations           | 4            |
|    time_elapsed         | 18           |
|    total_timesteps      | 8192         |
| train/                  |              |
|    approx_kl            | 0.0012920389 |
|    clip_fraction        | 0            |
|    clip_range           | 0.2          |
|    entropy_loss         | -1.09        |
|    explained_variance   | -8e-05       |
|    learning_rate        | 0.0003       |
|    loss                 | 1.08e+06     |
|    n_updates            | 30           |
|    policy_gradient_loss | -0.000797    |
|    value_loss           | 1.22e+07     |
------------------------------------------
-------------------------------------------
| time/                   |               |
|    fps                  | 452           |
|    iterations           | 5             |
|    time_elapsed         | 22            |
|    total_timesteps      | 10240         |
| train/                  |               |
|    approx_kl            | 1.7905433e-05 |
|    clip_fraction        | 0             |
|    clip_range           | 0.2           |
|    entropy_loss         | -1.09         |
|    explained_variance   | 0.0131        |
|    learning_rate        | 0.0003        |
|    loss                 | 3.35e+04      |
|    n_updates            | 40            |
|    policy_gradient_loss | -0.000283     |
|    value_loss           | 6.06e+04      |
-------------------------------------------
-------------------------------------------
| time/                   |               |
|    fps                  | 455           |
|    iterations           | 6             |
|    time_elapsed         | 26            |
|    total_timesteps      | 12288         |
| train/                  |               |
|    approx_kl            | 0.00088453613 |
|    clip_fraction        | 0             |
|    clip_range           | 0.2           |
|    entropy_loss         | -1.09         |
|    explained_variance   | -0.00434      |
|    learning_rate        | 0.0003        |
|    loss                 | 2.66e+04      |
|    n_updates            | 50            |
|    policy_gradient_loss | -0.00118      |
|    value_loss           | 5.78e+04      |
-------------------------------------------
-------------------------------------------
| time/                   |               |
|    fps                  | 458           |
|    iterations           | 7             |
|    time_elapsed         | 31            |
|    total_timesteps      | 14336         |
| train/                  |               |
|    approx_kl            | 0.00035637122 |
|    clip_fraction        | 0             |
|    clip_range           | 0.2           |
|    entropy_loss         | -1.09         |
|    explained_variance   | 0.0111        |
|    learning_rate        | 0.0003        |
|    loss                 | 7.7e+03       |
|    n_updates            | 60            |
|    policy_gradient_loss | -0.000906     |
|    value_loss           | 2.86e+04      |
-------------------------------------------
-----------------------------------------
| time/                   |             |
|    fps                  | 459         |
|    iterations           | 8           |
|    time_elapsed         | 35          |
|    total_timesteps      | 16384       |
| train/                  |             |
|    approx_kl            | 0.000719974 |
|    clip_fraction        | 0           |
|    clip_range           | 0.2         |
|    entropy_loss         | -1.09       |
|    explained_variance   | 0.0172      |
|    learning_rate        | 0.0003      |
|    loss                 | 8.32e+03    |
|    n_updates            | 70          |
|    policy_gradient_loss | -0.000501   |
|    value_loss           | 2.44e+04    |
-----------------------------------------
-------------------------------------------
| time/                   |               |
|    fps                  | 460           |
|    iterations           | 9             |
|    time_elapsed         | 39            |
|    total_timesteps      | 18432         |
| train/                  |               |
|    approx_kl            | 0.00021340695 |
|    clip_fraction        | 0             |
|    clip_range           | 0.2           |
|    entropy_loss         | -1.09         |
|    explained_variance   | -0.00857      |
|    learning_rate        | 0.0003        |
|    loss                 | 1.46e+04      |
|    n_updates            | 80            |
|    policy_gradient_loss | -0.000511     |
|    value_loss           | 3.07e+04      |
-------------------------------------------
------------------------------------------
| time/                   |              |
|    fps                  | 462          |
|    iterations           | 10           |
|    time_elapsed         | 44           |
|    total_timesteps      | 20480        |
| train/                  |              |
|    approx_kl            | 0.0015248337 |
|    clip_fraction        | 0            |
|    clip_range           | 0.2          |
|    entropy_loss         | -1.09        |
|    explained_variance   | -0.0219      |
|    learning_rate        | 0.0003       |
|    loss                 | 2.72e+04     |
|    n_updates            | 90           |
|    policy_gradient_loss | -0.00157     |
|    value_loss           | 5.91e+04     |
------------------------------------------
INFO:__main__:RL training completed.
