2026-04-02 12:58:50,795 - __main__ - ERROR - Failed to initialize trading bot: No module named 'src'
2026-04-02 12:58:50,795 - __main__ - INFO - 
--- Cycle 1 ---
2026-04-02 12:58:50,983 - __main__ - INFO - Signal: SELL (conf=0.54) -> C:\Users\Ahmed\Desktop\gold_trading_system\mt5_ea\signal.txt
2026-04-02 12:59:50,985 - __main__ - INFO - 
--- Cycle 2 ---
2026-04-02 12:59:50,993 - __main__ - INFO - Signal: SELL (conf=0.54) -> C:\Users\Ahmed\Desktop\gold_trading_system\mt5_ea\signal.txt
2026-04-02 13:00:50,993 - __main__ - INFO - 
--- Cycle 3 ---
2026-04-02 13:00:51,058 - __main__ - INFO - Signal: SELL (conf=0.53) -> C:\Users\Ahmed\Desktop\gold_trading_system\mt5_ea\signal.txt
2026-04-02 13:01:51,077 - __main__ - INFO - 
--- Cycle 4 ---
2026-04-02 13:01:51,089 - __main__ - INFO - Signal: SELL (conf=0.53) -> C:\Users\Ahmed\Desktop\gold_trading_system\mt5_ea\signal.txt
2026-04-02 13:02:51,090 - __main__ - INFO - 
--- Cycle 5 ---
2026-04-02 13:02:51,098 - __main__ - INFO - Signal: SELL (conf=0.53) -> C:\Users\Ahmed\Desktop\gold_trading_system\mt5_ea\signal.txt
2026-04-02 13:03:51,099 - __main__ - INFO - 
--- Cycle 6 ---
2026-04-02 13:03:51,107 - __main__ - INFO - Signal: SELL (conf=0.53) -> C:\Users\Ahmed\Desktop\gold_trading_system\mt5_ea\signal.txt
2026-04-02 13:04:51,108 - __main__ - INFO - 
--- Cycle 7 ---
2026-04-02 13:04:51,116 - __main__ - INFO - Signal: BUY (conf=0.50) -> C:\Users\Ahmed\Desktop\gold_trading_system\mt5_ea\signal.txt
2026-04-02 13:05:51,117 - __main__ - INFO - 
--- Cycle 8 ---
2026-04-02 13:05:51,126 - __main__ - INFO - Signal: SELL (conf=0.51) -> C:\Users\Ahmed\Desktop\gold_trading_system\mt5_ea\signal.txt
2026-04-02 13:06:51,127 - __main__ - INFO - 
--- Cycle 9 ---
2026-04-02 13:06:51,138 - __main__ - INFO - Signal: HOLD (conf=0.00) -> C:\Users\Ahmed\Desktop\gold_trading_system\mt5_ea\signal.txt
2026-04-02 13:07:51,139 - __main__ - INFO - 
--- Cycle 10 ---
2026-04-02 13:07:51,152 - __main__ - INFO - Signal: SELL (conf=0.51) -> C:\Users\Ahmed\Desktop\gold_trading_system\mt5_ea\signal.txt
2026-04-02 13:08:51,154 - __main__ - INFO - 
--- Cycle 11 ---
2026-04-02 13:08:51,165 - __main__ - INFO - Signal: HOLD (conf=0.00) -> C:\Users\Ahmed\Desktop\gold_trading_system\mt5_ea\signal.txt
2026-04-02 13:09:51,166 - __main__ - INFO - 
--- Cycle 12 ---
2026-04-02 13:09:51,173 - __main__ - INFO - Signal: HOLD (conf=0.00) -> C:\Users\Ahmed\Desktop\gold_trading_system\mt5_ea\signal.txt
2026-04-02 13:10:51,174 - __main__ - INFO - 
--- Cycle 13 ---
2026-04-02 13:10:51,188 - __main__ - INFO - Signal: HOLD (conf=0.00) -> C:\Users\Ahmed\Desktop\gold_trading_system\mt5_ea\signal.txt
2026-04-02 13:11:51,189 - __main__ - INFO - 
--- Cycle 14 ---
2026-04-02 13:11:51,196 - __main__ - INFO - Signal: HOLD (conf=0.00) -> C:\Users\Ahmed\Desktop\gold_trading_system\mt5_ea\signal.txt
2026-04-02 13:12:51,197 - __main__ - INFO - 
--- Cycle 15 ---
2026-04-02 13:12:51,213 - __main__ - INFO - Signal: HOLD (conf=0.00) -> C:\Users\Ahmed\Desktop\gold_trading_system\mt5_ea\signal.txt
2026-04-02 13:13:51,214 - __main__ - INFO - 
--- Cycle 16 ---
2026-04-02 13:13:51,236 - __main__ - INFO - Signal: SELL (conf=0.50) -> C:\Users\Ahmed\Desktop\gold_trading_system\mt5_ea\signal.txt
2026-04-02 13:14:27,225 - __main__ - INFO - 
Shutting down...
2026-04-02 13:14:27,229 - __main__ - INFO - Signal: HOLD (conf=0.00) -> C:\Users\Ahmed\Desktop\gold_trading_system\mt5_ea\signal.txt
2026-04-02 13:14:27,230 - __main__ - INFO - Done
2026-04-02 13:14:30,855 - __main__ - ERROR - Failed to initialize trading bot: No module named 'src'
2026-04-02 13:14:30,856 - __main__ - INFO - 
--- Cycle 1 ---
2026-04-02 13:14:31,471 - __main__ - INFO - Signal: SELL (conf=0.50) -> C:\Users\Ahmed\Desktop\gold_trading_system\mt5_ea\signal.txt
2026-04-02 13:15:31,473 - __main__ - INFO - 
--- Cycle 2 ---
2026-04-02 13:15:31,480 - __main__ - INFO - Signal: SELL (conf=0.51) -> C:\Users\Ahmed\Desktop\gold_trading_system\mt5_ea\signal.txt
2026-04-02 13:16:31,481 - __main__ - INFO - 
--- Cycle 3 ---
2026-04-02 13:16:31,492 - __main__ - INFO - Signal: SELL (conf=0.52) -> C:\Users\Ahmed\Desktop\gold_trading_system\mt5_ea\signal.txt
2026-04-02 13:17:31,492 - __main__ - INFO - 
--- Cycle 4 ---
2026-04-02 13:17:31,503 - __main__ - INFO - Signal: SELL (conf=0.53) -> C:\Users\Ahmed\Desktop\gold_trading_system\mt5_ea\signal.txt
2026-04-02 13:18:31,504 - __main__ - INFO - 
--- Cycle 5 ---
2026-04-02 13:18:31,515 - __main__ - INFO - Signal: SELL (conf=0.53) -> C:\Users\Ahmed\Desktop\gold_trading_system\mt5_ea\signal.txt
2026-04-02 13:19:31,515 - __main__ - INFO - 
--- Cycle 6 ---
2026-04-02 13:19:31,526 - __main__ - INFO - Signal: SELL (conf=0.56) -> C:\Users\Ahmed\Desktop\gold_trading_system\mt5_ea\signal.txt
2026-04-02 13:20:31,527 - __main__ - INFO - 
--- Cycle 7 ---
2026-04-02 13:20:31,535 - __main__ - INFO - Signal: SELL (conf=0.56) -> C:\Users\Ahmed\Desktop\gold_trading_system\mt5_ea\signal.txt
2026-04-02 13:21:31,536 - __main__ - INFO - 
--- Cycle 8 ---
2026-04-02 13:21:31,547 - __main__ - INFO - Signal: SELL (conf=0.57) -> C:\Users\Ahmed\Desktop\gold_trading_system\mt5_ea\signal.txt
2026-04-02 13:22:31,548 - __main__ - INFO - 
--- Cycle 9 ---
2026-04-02 13:22:31,559 - __main__ - INFO - Signal: SELL (conf=0.57) -> C:\Users\Ahmed\Desktop\gold_trading_system\mt5_ea\signal.txt
2026-04-02 13:23:31,560 - __main__ - INFO - 
--- Cycle 10 ---
2026-04-02 13:23:31,570 - __main__ - INFO - Signal: SELL (conf=0.56) -> C:\Users\Ahmed\Desktop\gold_trading_system\mt5_ea\signal.txt
2026-04-02 13:24:31,571 - __main__ - INFO - 
--- Cycle 11 ---
2026-04-02 13:24:31,582 - __main__ - INFO - Signal: SELL (conf=0.55) -> C:\Users\Ahmed\Desktop\gold_trading_system\mt5_ea\signal.txt
2026-04-02 13:25:31,583 - __main__ - INFO - 
--- Cycle 12 ---
2026-04-02 13:25:31,593 - __main__ - INFO - Signal: SELL (conf=0.55) -> C:\Users\Ahmed\Desktop\gold_trading_system\mt5_ea\signal.txt
2026-04-02 13:26:31,595 - __main__ - INFO - 
--- Cycle 13 ---
2026-04-02 13:26:31,602 - __main__ - INFO - Signal: SELL (conf=0.56) -> C:\Users\Ahmed\Desktop\gold_trading_system\mt5_ea\signal.txt
2026-04-02 13:27:31,603 - __main__ - INFO - 
--- Cycle 14 ---
2026-04-02 13:27:31,613 - __main__ - INFO - Signal: SELL (conf=0.56) -> C:\Users\Ahmed\Desktop\gold_trading_system\mt5_ea\signal.txt
2026-04-02 13:28:31,614 - __main__ - INFO - 
--- Cycle 15 ---
2026-04-02 13:28:31,625 - __main__ - INFO - Signal: SELL (conf=0.56) -> C:\Users\Ahmed\Desktop\gold_trading_system\mt5_ea\signal.txt
2026-04-02 13:29:31,626 - __main__ - INFO - 
--- Cycle 16 ---
2026-04-02 13:29:31,637 - __main__ - INFO - Signal: SELL (conf=0.55) -> C:\Users\Ahmed\Desktop\gold_trading_system\mt5_ea\signal.txt
2026-04-02 13:30:31,638 - __main__ - INFO - 
--- Cycle 17 ---
2026-04-02 13:30:31,645 - __main__ - INFO - Signal: SELL (conf=0.56) -> C:\Users\Ahmed\Desktop\gold_trading_system\mt5_ea\signal.txt
2026-04-02 13:31:31,646 - __main__ - INFO - 
--- Cycle 18 ---
2026-04-02 13:31:31,657 - __main__ - INFO - Signal: SELL (conf=0.56) -> C:\Users\Ahmed\Desktop\gold_trading_system\mt5_ea\signal.txt
2026-04-02 13:32:31,658 - __main__ - INFO - 
--- Cycle 19 ---
2026-04-02 13:32:31,667 - __main__ - INFO - Signal: SELL (conf=0.56) -> C:\Users\Ahmed\Desktop\gold_trading_system\mt5_ea\signal.txt
2026-04-02 13:33:31,667 - __main__ - INFO - 
--- Cycle 20 ---
2026-04-02 13:33:31,675 - __main__ - INFO - Signal: SELL (conf=0.56) -> C:\Users\Ahmed\Desktop\gold_trading_system\mt5_ea\signal.txt
2026-04-02 13:34:31,676 - __main__ - INFO - 
--- Cycle 21 ---
2026-04-02 13:34:31,686 - __main__ - INFO - Signal: SELL (conf=0.57) -> C:\Users\Ahmed\Desktop\gold_trading_system\mt5_ea\signal.txt
2026-04-02 13:35:31,687 - __main__ - INFO - 
--- Cycle 22 ---
2026-04-02 13:35:31,697 - __main__ - INFO - Signal: SELL (conf=0.57) -> C:\Users\Ahmed\Desktop\gold_trading_system\mt5_ea\signal.txt
2026-04-02 13:36:31,698 - __main__ - INFO - 
--- Cycle 23 ---
2026-04-02 13:36:31,712 - __main__ - INFO - Signal: SELL (conf=0.57) -> C:\Users\Ahmed\Desktop\gold_trading_system\mt5_ea\signal.txt
2026-04-02 13:37:31,713 - __main__ - INFO - 
--- Cycle 24 ---
2026-04-02 13:37:31,721 - __main__ - INFO - Signal: SELL (conf=0.57) -> C:\Users\Ahmed\Desktop\gold_trading_system\mt5_ea\signal.txt
2026-04-02 13:38:31,722 - __main__ - INFO - 
--- Cycle 25 ---
2026-04-02 13:38:31,729 - __main__ - INFO - Signal: SELL (conf=0.57) -> C:\Users\Ahmed\Desktop\gold_trading_system\mt5_ea\signal.txt
2026-04-02 13:39:31,730 - __main__ - INFO - 
--- Cycle 26 ---
2026-04-02 13:39:31,740 - __main__ - INFO - Signal: SELL (conf=0.57) -> C:\Users\Ahmed\Desktop\gold_trading_system\mt5_ea\signal.txt
2026-04-02 13:40:31,741 - __main__ - INFO - 
--- Cycle 27 ---
2026-04-02 13:40:31,752 - __main__ - INFO - Signal: SELL (conf=0.57) -> C:\Users\Ahmed\Desktop\gold_trading_system\mt5_ea\signal.txt
2026-04-02 13:41:31,753 - __main__ - INFO - 
--- Cycle 28 ---
2026-04-02 13:41:31,764 - __main__ - INFO - Signal: SELL (conf=0.55) -> C:\Users\Ahmed\Desktop\gold_trading_system\mt5_ea\signal.txt
2026-04-02 13:42:31,765 - __main__ - INFO - 
--- Cycle 29 ---
2026-04-02 13:42:31,776 - __main__ - INFO - Signal: HOLD (conf=0.00) -> C:\Users\Ahmed\Desktop\gold_trading_system\mt5_ea\signal.txt
2026-04-02 13:43:31,776 - __main__ - INFO - 
--- Cycle 30 ---
2026-04-02 13:43:31,783 - __main__ - INFO - Signal: SELL (conf=0.55) -> C:\Users\Ahmed\Desktop\gold_trading_system\mt5_ea\signal.txt
2026-04-02 13:44:31,784 - __main__ - INFO - 
--- Cycle 31 ---
2026-04-02 13:44:31,795 - __main__ - INFO - Signal: SELL (conf=0.53) -> C:\Users\Ahmed\Desktop\gold_trading_system\mt5_ea\signal.txt
2026-04-02 13:45:31,796 - __main__ - INFO - 
--- Cycle 32 ---
2026-04-02 13:45:31,803 - __main__ - INFO - Signal: SELL (conf=0.53) -> C:\Users\Ahmed\Desktop\gold_trading_system\mt5_ea\signal.txt
2026-04-02 13:46:31,804 - __main__ - INFO - 
--- Cycle 33 ---
2026-04-02 13:46:31,812 - __main__ - INFO - Signal: SELL (conf=0.53) -> C:\Users\Ahmed\Desktop\gold_trading_system\mt5_ea\signal.txt
2026-04-02 13:47:31,813 - __main__ - INFO - 
--- Cycle 34 ---
2026-04-02 13:47:31,824 - __main__ - INFO - Signal: SELL (conf=0.52) -> C:\Users\Ahmed\Desktop\gold_trading_system\mt5_ea\signal.txt
2026-04-02 13:48:31,824 - __main__ - INFO - 
--- Cycle 35 ---
2026-04-02 13:48:31,836 - __main__ - INFO - Signal: HOLD (conf=0.00) -> C:\Users\Ahmed\Desktop\gold_trading_system\mt5_ea\signal.txt
2026-04-02 13:49:31,837 - __main__ - INFO - 
--- Cycle 36 ---
2026-04-02 13:49:31,848 - __main__ - INFO - Signal: SELL (conf=0.51) -> C:\Users\Ahmed\Desktop\gold_trading_system\mt5_ea\signal.txt
2026-04-02 13:50:31,849 - __main__ - INFO - 
--- Cycle 37 ---
2026-04-02 13:50:31,874 - __main__ - INFO - Signal: SELL (conf=0.52) -> C:\Users\Ahmed\Desktop\gold_trading_system\mt5_ea\signal.txt
2026-04-02 13:51:31,875 - __main__ - INFO - 
--- Cycle 38 ---
2026-04-02 13:51:31,886 - __main__ - INFO - Signal: SELL (conf=0.52) -> C:\Users\Ahmed\Desktop\gold_trading_system\mt5_ea\signal.txt
2026-04-02 13:52:31,887 - __main__ - INFO - 
--- Cycle 39 ---
2026-04-02 13:52:31,894 - __main__ - INFO - Signal: SELL (conf=0.52) -> C:\Users\Ahmed\Desktop\gold_trading_system\mt5_ea\signal.txt
2026-04-02 13:53:31,895 - __main__ - INFO - 
--- Cycle 40 ---
2026-04-02 13:53:31,905 - __main__ - INFO - Signal: SELL (conf=0.52) -> C:\Users\Ahmed\Desktop\gold_trading_system\mt5_ea\signal.txt
2026-04-02 13:54:31,906 - __main__ - INFO - 
--- Cycle 41 ---
2026-04-02 13:54:31,930 - __main__ - INFO - Signal: SELL (conf=0.52) -> C:\Users\Ahmed\Desktop\gold_trading_system\mt5_ea\signal.txt
2026-04-02 13:55:31,931 - __main__ - INFO - 
--- Cycle 42 ---
2026-04-02 13:55:31,953 - __main__ - INFO - Signal: SELL (conf=0.51) -> C:\Users\Ahmed\Desktop\gold_trading_system\mt5_ea\signal.txt
2026-04-02 13:56:31,954 - __main__ - INFO - 
--- Cycle 43 ---
2026-04-02 13:56:31,963 - __main__ - INFO - Signal: SELL (conf=0.52) -> C:\Users\Ahmed\Desktop\gold_trading_system\mt5_ea\signal.txt
2026-04-02 13:57:31,964 - __main__ - INFO - 
--- Cycle 44 ---
2026-04-02 13:57:31,970 - __main__ - INFO - Signal: SELL (conf=0.51) -> C:\Users\Ahmed\Desktop\gold_trading_system\mt5_ea\signal.txt
2026-04-02 13:58:31,971 - __main__ - INFO - 
--- Cycle 45 ---
2026-04-02 13:58:31,981 - __main__ - INFO - Signal: SELL (conf=0.51) -> C:\Users\Ahmed\Desktop\gold_trading_system\mt5_ea\signal.txt
2026-04-02 13:59:31,982 - __main__ - INFO - 
--- Cycle 46 ---
2026-04-02 13:59:31,992 - __main__ - INFO - Signal: SELL (conf=0.52) -> C:\Users\Ahmed\Desktop\gold_trading_system\mt5_ea\signal.txt
2026-04-02 14:00:31,993 - __main__ - INFO - 
--- Cycle 47 ---
2026-04-02 14:00:32,004 - __main__ - INFO - Signal: SELL (conf=0.53) -> C:\Users\Ahmed\Desktop\gold_trading_system\mt5_ea\signal.txt
2026-04-02 14:01:32,005 - __main__ - INFO - 
--- Cycle 48 ---
2026-04-02 14:01:32,062 - __main__ - INFO - Signal: SELL (conf=0.52) -> C:\Users\Ahmed\Desktop\gold_trading_system\mt5_ea\signal.txt
2026-04-02 14:02:32,063 - __main__ - INFO - 
--- Cycle 49 ---
2026-04-02 14:02:32,070 - __main__ - INFO - Signal: SELL (conf=0.51) -> C:\Users\Ahmed\Desktop\gold_trading_system\mt5_ea\signal.txt
2026-04-02 14:03:32,071 - __main__ - INFO - 
--- Cycle 50 ---
2026-04-02 14:03:32,078 - __main__ - INFO - Signal: SELL (conf=0.51) -> C:\Users\Ahmed\Desktop\gold_trading_system\mt5_ea\signal.txt
2026-04-02 14:04:32,079 - __main__ - INFO - 
--- Cycle 51 ---
2026-04-02 14:04:32,086 - __main__ - INFO - Signal: HOLD (conf=0.00) -> C:\Users\Ahmed\Desktop\gold_trading_system\mt5_ea\signal.txt
2026-04-02 14:05:32,087 - __main__ - INFO - 
--- Cycle 52 ---
2026-04-02 14:05:32,094 - __main__ - INFO - Signal: HOLD (conf=0.00) -> C:\Users\Ahmed\Desktop\gold_trading_system\mt5_ea\signal.txt
2026-04-02 14:06:32,095 - __main__ - INFO - 
--- Cycle 53 ---
2026-04-02 14:06:32,103 - __main__ - INFO - Signal: SELL (conf=0.50) -> C:\Users\Ahmed\Desktop\gold_trading_system\mt5_ea\signal.txt
2026-04-02 14:07:32,104 - __main__ - INFO - 
--- Cycle 54 ---
2026-04-02 14:07:32,116 - __main__ - INFO - Signal: SELL (conf=0.50) -> C:\Users\Ahmed\Desktop\gold_trading_system\mt5_ea\signal.txt
2026-04-02 14:08:32,117 - __main__ - INFO - 
--- Cycle 55 ---
2026-04-02 14:08:32,126 - __main__ - INFO - Signal: HOLD (conf=0.00) -> C:\Users\Ahmed\Desktop\gold_trading_system\mt5_ea\signal.txt
2026-04-02 14:09:32,127 - __main__ - INFO - 
--- Cycle 56 ---
2026-04-02 14:09:32,133 - __main__ - INFO - Signal: HOLD (conf=0.00) -> C:\Users\Ahmed\Desktop\gold_trading_system\mt5_ea\signal.txt
2026-04-02 14:10:32,134 - __main__ - INFO - 
--- Cycle 57 ---
2026-04-02 14:10:32,146 - __main__ - INFO - Signal: HOLD (conf=0.00) -> C:\Users\Ahmed\Desktop\gold_trading_system\mt5_ea\signal.txt
2026-04-02 14:11:32,146 - __main__ - INFO - 
--- Cycle 58 ---
2026-04-02 14:11:32,156 - __main__ - INFO - Signal: HOLD (conf=0.00) -> C:\Users\Ahmed\Desktop\gold_trading_system\mt5_ea\signal.txt
2026-04-02 14:12:32,157 - __main__ - INFO - 
--- Cycle 59 ---
2026-04-02 14:12:32,168 - __main__ - INFO - Signal: BUY (conf=0.52) -> C:\Users\Ahmed\Desktop\gold_trading_system\mt5_ea\signal.txt
2026-04-02 14:13:32,169 - __main__ - INFO - 
--- Cycle 60 ---
2026-04-02 14:13:32,176 - __main__ - INFO - Signal: HOLD (conf=0.00) -> C:\Users\Ahmed\Desktop\gold_trading_system\mt5_ea\signal.txt
2026-04-02 14:14:32,177 - __main__ - INFO - 
--- Cycle 61 ---
2026-04-02 14:14:32,198 - __main__ - INFO - Signal: HOLD (conf=0.00) -> C:\Users\Ahmed\Desktop\gold_trading_system\mt5_ea\signal.txt
2026-04-02 14:15:32,200 - __main__ - INFO - 
--- Cycle 62 ---
2026-04-02 14:15:32,209 - __main__ - INFO - Signal: HOLD (conf=0.00) -> C:\Users\Ahmed\Desktop\gold_trading_system\mt5_ea\signal.txt
2026-04-02 14:16:32,210 - __main__ - INFO - 
--- Cycle 63 ---
2026-04-02 14:16:32,221 - __main__ - INFO - Signal: HOLD (conf=0.00) -> C:\Users\Ahmed\Desktop\gold_trading_system\mt5_ea\signal.txt
2026-04-02 14:17:32,221 - __main__ - INFO - 
--- Cycle 64 ---
2026-04-02 14:17:32,228 - __main__ - INFO - Signal: HOLD (conf=0.00) -> C:\Users\Ahmed\Desktop\gold_trading_system\mt5_ea\signal.txt
2026-04-02 14:18:32,228 - __main__ - INFO - 
--- Cycle 65 ---
2026-04-02 14:18:32,234 - __main__ - INFO - Signal: HOLD (conf=0.00) -> C:\Users\Ahmed\Desktop\gold_trading_system\mt5_ea\signal.txt
2026-04-02 14:19:32,235 - __main__ - INFO - 
--- Cycle 66 ---
2026-04-02 14:19:32,245 - __main__ - INFO - Signal: HOLD (conf=0.00) -> C:\Users\Ahmed\Desktop\gold_trading_system\mt5_ea\signal.txt
2026-04-02 14:20:32,246 - __main__ - INFO - 
--- Cycle 67 ---
2026-04-02 14:20:32,266 - __main__ - INFO - Signal: HOLD (conf=0.00) -> C:\Users\Ahmed\Desktop\gold_trading_system\mt5_ea\signal.txt
2026-04-02 14:21:32,267 - __main__ - INFO - 
--- Cycle 68 ---
2026-04-02 14:21:32,274 - __main__ - INFO - Signal: HOLD (conf=0.00) -> C:\Users\Ahmed\Desktop\gold_trading_system\mt5_ea\signal.txt
2026-04-02 14:22:32,275 - __main__ - INFO - 
--- Cycle 69 ---
2026-04-02 14:22:32,286 - __main__ - INFO - Signal: HOLD (conf=0.00) -> C:\Users\Ahmed\Desktop\gold_trading_system\mt5_ea\signal.txt
2026-04-02 14:23:32,287 - __main__ - INFO - 
--- Cycle 70 ---
2026-04-02 14:23:32,297 - __main__ - INFO - Signal: HOLD (conf=0.00) -> C:\Users\Ahmed\Desktop\gold_trading_system\mt5_ea\signal.txt
2026-04-02 14:24:32,298 - __main__ - INFO - 
--- Cycle 71 ---
2026-04-02 14:24:32,304 - __main__ - INFO - Signal: BUY (conf=0.53) -> C:\Users\Ahmed\Desktop\gold_trading_system\mt5_ea\signal.txt
2026-04-02 14:25:32,306 - __main__ - INFO - 
--- Cycle 72 ---
2026-04-02 14:25:32,313 - __main__ - INFO - Signal: HOLD (conf=0.00) -> C:\Users\Ahmed\Desktop\gold_trading_system\mt5_ea\signal.txt
2026-04-02 14:26:32,314 - __main__ - INFO - 
--- Cycle 73 ---
2026-04-02 14:26:32,324 - __main__ - INFO - Signal: HOLD (conf=0.00) -> C:\Users\Ahmed\Desktop\gold_trading_system\mt5_ea\signal.txt
2026-04-02 14:27:32,325 - __main__ - INFO - 
--- Cycle 74 ---
2026-04-02 14:27:32,332 - __main__ - INFO - Signal: HOLD (conf=0.00) -> C:\Users\Ahmed\Desktop\gold_trading_system\mt5_ea\signal.txt
2026-04-02 14:28:32,333 - __main__ - INFO - 
--- Cycle 75 ---
2026-04-02 14:28:32,340 - __main__ - INFO - Signal: SELL (conf=0.50) -> C:\Users\Ahmed\Desktop\gold_trading_system\mt5_ea\signal.txt
2026-04-02 14:29:32,341 - __main__ - INFO - 
--- Cycle 76 ---
2026-04-02 14:29:32,351 - __main__ - INFO - Signal: SELL (conf=0.53) -> C:\Users\Ahmed\Desktop\gold_trading_system\mt5_ea\signal.txt
2026-04-02 14:30:32,352 - __main__ - INFO - 
--- Cycle 77 ---
2026-04-02 14:30:32,363 - __main__ - INFO - Signal: SELL (conf=0.53) -> C:\Users\Ahmed\Desktop\gold_trading_system\mt5_ea\signal.txt
2026-04-02 14:31:32,364 - __main__ - INFO - 
--- Cycle 78 ---
2026-04-02 14:31:32,374 - __main__ - INFO - Signal: SELL (conf=0.55) -> C:\Users\Ahmed\Desktop\gold_trading_system\mt5_ea\signal.txt
2026-04-02 14:32:32,375 - __main__ - INFO - 
--- Cycle 79 ---
2026-04-02 14:32:32,385 - __main__ - INFO - Signal: SELL (conf=0.53) -> C:\Users\Ahmed\Desktop\gold_trading_system\mt5_ea\signal.txt
2026-04-02 14:33:32,386 - __main__ - INFO - 
--- Cycle 80 ---
2026-04-02 14:33:32,396 - __main__ - INFO - Signal: SELL (conf=0.54) -> C:\Users\Ahmed\Desktop\gold_trading_system\mt5_ea\signal.txt
2026-04-02 14:34:32,397 - __main__ - INFO - 
--- Cycle 81 ---
2026-04-02 14:34:32,408 - __main__ - INFO - Signal: SELL (conf=0.55) -> C:\Users\Ahmed\Desktop\gold_trading_system\mt5_ea\signal.txt
2026-04-02 14:35:32,409 - __main__ - INFO - 
--- Cycle 82 ---
2026-04-02 14:35:32,431 - __main__ - INFO - Signal: SELL (conf=0.55) -> C:\Users\Ahmed\Desktop\gold_trading_system\mt5_ea\signal.txt
2026-04-02 14:36:32,432 - __main__ - INFO - 
--- Cycle 83 ---
2026-04-02 14:36:32,442 - __main__ - INFO - Signal: SELL (conf=0.54) -> C:\Users\Ahmed\Desktop\gold_trading_system\mt5_ea\signal.txt
2026-04-02 14:37:32,443 - __main__ - INFO - 
--- Cycle 84 ---
2026-04-02 14:37:32,454 - __main__ - INFO - Signal: SELL (conf=0.54) -> C:\Users\Ahmed\Desktop\gold_trading_system\mt5_ea\signal.txt
2026-04-02 14:38:32,455 - __main__ - INFO - 
--- Cycle 85 ---
2026-04-02 14:38:32,463 - __main__ - INFO - Signal: SELL (conf=0.55) -> C:\Users\Ahmed\Desktop\gold_trading_system\mt5_ea\signal.txt
2026-04-02 14:39:32,464 - __main__ - INFO - 
--- Cycle 86 ---
2026-04-02 14:39:32,470 - __main__ - INFO - Signal: SELL (conf=0.60) -> C:\Users\Ahmed\Desktop\gold_trading_system\mt5_ea\signal.txt
2026-04-02 14:40:32,472 - __main__ - INFO - 
--- Cycle 87 ---
2026-04-02 14:40:32,480 - __main__ - INFO - Signal: SELL (conf=0.59) -> C:\Users\Ahmed\Desktop\gold_trading_system\mt5_ea\signal.txt
2026-04-02 14:41:32,481 - __main__ - INFO - 
--- Cycle 88 ---
2026-04-02 14:41:32,490 - __main__ - INFO - Signal: SELL (conf=0.61) -> C:\Users\Ahmed\Desktop\gold_trading_system\mt5_ea\signal.txt
2026-04-02 14:42:32,491 - __main__ - INFO - 
--- Cycle 89 ---
2026-04-02 14:42:32,501 - __main__ - INFO - Signal: SELL (conf=0.63) -> C:\Users\Ahmed\Desktop\gold_trading_system\mt5_ea\signal.txt
2026-04-02 14:43:32,502 - __main__ - INFO - 
--- Cycle 90 ---
2026-04-02 14:43:32,513 - __main__ - INFO - Signal: SELL (conf=0.61) -> C:\Users\Ahmed\Desktop\gold_trading_system\mt5_ea\signal.txt
2026-04-02 14:44:32,514 - __main__ - INFO - 
--- Cycle 91 ---
2026-04-02 14:44:32,524 - __main__ - INFO - Signal: SELL (conf=0.64) -> C:\Users\Ahmed\Desktop\gold_trading_system\mt5_ea\signal.txt
2026-04-02 14:45:32,525 - __main__ - INFO - 
--- Cycle 92 ---
2026-04-02 14:45:32,535 - __main__ - INFO - Signal: SELL (conf=0.64) -> C:\Users\Ahmed\Desktop\gold_trading_system\mt5_ea\signal.txt
2026-04-02 14:46:32,537 - __main__ - INFO - 
--- Cycle 93 ---
2026-04-02 14:46:32,548 - __main__ - INFO - Signal: SELL (conf=0.64) -> C:\Users\Ahmed\Desktop\gold_trading_system\mt5_ea\signal.txt
2026-04-02 14:47:32,549 - __main__ - INFO - 
--- Cycle 94 ---
2026-04-02 14:47:32,557 - __main__ - INFO - Signal: SELL (conf=0.64) -> C:\Users\Ahmed\Desktop\gold_trading_system\mt5_ea\signal.txt
2026-04-02 14:48:32,558 - __main__ - INFO - 
--- Cycle 95 ---
2026-04-02 14:48:32,569 - __main__ - INFO - Signal: SELL (conf=0.63) -> C:\Users\Ahmed\Desktop\gold_trading_system\mt5_ea\signal.txt
2026-04-02 14:49:32,570 - __main__ - INFO - 
--- Cycle 96 ---
2026-04-02 14:49:32,580 - __main__ - INFO - Signal: SELL (conf=0.64) -> C:\Users\Ahmed\Desktop\gold_trading_system\mt5_ea\signal.txt
2026-04-02 14:50:32,582 - __main__ - INFO - 
--- Cycle 97 ---
2026-04-02 14:50:32,589 - __main__ - INFO - Signal: SELL (conf=0.62) -> C:\Users\Ahmed\Desktop\gold_trading_system\mt5_ea\signal.txt
2026-04-02 14:51:32,589 - __main__ - INFO - 
--- Cycle 98 ---
2026-04-02 14:51:32,600 - __main__ - INFO - Signal: SELL (conf=0.64) -> C:\Users\Ahmed\Desktop\gold_trading_system\mt5_ea\signal.txt
2026-04-02 14:52:32,601 - __main__ - INFO - 
--- Cycle 99 ---
2026-04-02 14:52:32,610 - __main__ - INFO - Signal: SELL (conf=0.64) -> C:\Users\Ahmed\Desktop\gold_trading_system\mt5_ea\signal.txt
2026-04-02 14:53:32,611 - __main__ - INFO - 
--- Cycle 100 ---
2026-04-02 14:53:32,622 - __main__ - INFO - Signal: SELL (conf=0.64) -> C:\Users\Ahmed\Desktop\gold_trading_system\mt5_ea\signal.txt
2026-04-02 14:54:32,623 - __main__ - INFO - 
--- Cycle 101 ---
2026-04-02 14:54:32,631 - __main__ - INFO - Signal: HOLD (conf=0.00) -> C:\Users\Ahmed\Desktop\gold_trading_system\mt5_ea\signal.txt
2026-04-02 14:55:32,632 - __main__ - INFO - 
--- Cycle 102 ---
2026-04-02 14:55:32,638 - __main__ - INFO - Signal: HOLD (conf=0.00) -> C:\Users\Ahmed\Desktop\gold_trading_system\mt5_ea\signal.txt
2026-04-02 14:56:32,640 - __main__ - INFO - 
--- Cycle 103 ---
2026-04-02 14:56:32,650 - __main__ - INFO - Signal: HOLD (conf=0.00) -> C:\Users\Ahmed\Desktop\gold_trading_system\mt5_ea\signal.txt
2026-04-02 14:57:32,651 - __main__ - INFO - 
--- Cycle 104 ---
2026-04-02 14:57:32,661 - __main__ - INFO - Signal: HOLD (conf=0.00) -> C:\Users\Ahmed\Desktop\gold_trading_system\mt5_ea\signal.txt
2026-04-02 14:58:32,662 - __main__ - INFO - 
--- Cycle 105 ---
2026-04-02 14:58:32,673 - __main__ - INFO - Signal: HOLD (conf=0.00) -> C:\Users\Ahmed\Desktop\gold_trading_system\mt5_ea\signal.txt
2026-04-02 14:59:32,674 - __main__ - INFO - 
--- Cycle 106 ---
2026-04-02 14:59:32,680 - __main__ - INFO - Signal: HOLD (conf=0.00) -> C:\Users\Ahmed\Desktop\gold_trading_system\mt5_ea\signal.txt
2026-04-02 15:00:32,682 - __main__ - INFO - 
--- Cycle 107 ---
2026-04-02 15:00:32,704 - __main__ - INFO - Signal: HOLD (conf=0.00) -> C:\Users\Ahmed\Desktop\gold_trading_system\mt5_ea\signal.txt
2026-04-02 15:01:32,705 - __main__ - INFO - 
--- Cycle 108 ---
2026-04-02 15:01:32,763 - __main__ - INFO - Signal: HOLD (conf=0.00) -> C:\Users\Ahmed\Desktop\gold_trading_system\mt5_ea\signal.txt
2026-04-02 15:02:32,764 - __main__ - INFO - 
--- Cycle 109 ---
2026-04-02 15:02:32,773 - __main__ - INFO - Signal: HOLD (conf=0.00) -> C:\Users\Ahmed\Desktop\gold_trading_system\mt5_ea\signal.txt
2026-04-02 15:03:32,775 - __main__ - INFO - 
--- Cycle 110 ---
2026-04-02 15:03:32,786 - __main__ - INFO - Signal: SELL (conf=0.65) -> C:\Users\Ahmed\Desktop\gold_trading_system\mt5_ea\signal.txt
2026-04-02 15:04:32,787 - __main__ - INFO - 
--- Cycle 111 ---
2026-04-02 15:04:32,798 - __main__ - INFO - Signal: SELL (conf=0.62) -> C:\Users\Ahmed\Desktop\gold_trading_system\mt5_ea\signal.txt
2026-04-02 15:05:32,799 - __main__ - INFO - 
--- Cycle 112 ---
2026-04-02 15:05:32,809 - __main__ - INFO - Signal: SELL (conf=0.63) -> C:\Users\Ahmed\Desktop\gold_trading_system\mt5_ea\signal.txt
2026-04-02 15:06:32,810 - __main__ - INFO - 
--- Cycle 113 ---
2026-04-02 15:06:32,832 - __main__ - INFO - Signal: SELL (conf=0.63) -> C:\Users\Ahmed\Desktop\gold_trading_system\mt5_ea\signal.txt
2026-04-02 15:07:32,833 - __main__ - INFO - 
--- Cycle 114 ---
2026-04-02 15:07:32,840 - __main__ - INFO - Signal: SELL (conf=0.64) -> C:\Users\Ahmed\Desktop\gold_trading_system\mt5_ea\signal.txt
2026-04-02 15:08:32,841 - __main__ - INFO - 
--- Cycle 115 ---
2026-04-02 15:08:32,847 - __main__ - INFO - Signal: SELL (conf=0.64) -> C:\Users\Ahmed\Desktop\gold_trading_system\mt5_ea\signal.txt
2026-04-02 15:09:32,848 - __main__ - INFO - 
--- Cycle 116 ---
2026-04-02 15:09:32,859 - __main__ - INFO - Signal: HOLD (conf=0.00) -> C:\Users\Ahmed\Desktop\gold_trading_system\mt5_ea\signal.txt
2026-04-02 15:10:32,860 - __main__ - INFO - 
--- Cycle 117 ---
2026-04-02 15:10:32,867 - __main__ - INFO - Signal: HOLD (conf=0.00) -> C:\Users\Ahmed\Desktop\gold_trading_system\mt5_ea\signal.txt
2026-04-02 15:11:32,869 - __main__ - INFO - 
--- Cycle 118 ---
2026-04-02 15:11:32,876 - __main__ - INFO - Signal: HOLD (conf=0.00) -> C:\Users\Ahmed\Desktop\gold_trading_system\mt5_ea\signal.txt
2026-04-02 15:12:32,876 - __main__ - INFO - 
--- Cycle 119 ---
2026-04-02 15:12:32,890 - __main__ - INFO - Signal: SELL (conf=0.63) -> C:\Users\Ahmed\Desktop\gold_trading_system\mt5_ea\signal.txt
2026-04-02 15:13:32,892 - __main__ - INFO - 
--- Cycle 120 ---
2026-04-02 15:13:32,898 - __main__ - INFO - Signal: SELL (conf=0.62) -> C:\Users\Ahmed\Desktop\gold_trading_system\mt5_ea\signal.txt
2026-04-02 15:14:32,899 - __main__ - INFO - 
--- Cycle 121 ---
2026-04-02 15:14:32,909 - __main__ - INFO - Signal: SELL (conf=0.59) -> C:\Users\Ahmed\Desktop\gold_trading_system\mt5_ea\signal.txt
2026-04-02 15:15:32,910 - __main__ - INFO - 
--- Cycle 122 ---
2026-04-02 15:15:32,917 - __main__ - INFO - Signal: SELL (conf=0.58) -> C:\Users\Ahmed\Desktop\gold_trading_system\mt5_ea\signal.txt
2026-04-02 15:16:32,918 - __main__ - INFO - 
--- Cycle 123 ---
2026-04-02 15:16:32,925 - __main__ - INFO - Signal: SELL (conf=0.60) -> C:\Users\Ahmed\Desktop\gold_trading_system\mt5_ea\signal.txt
2026-04-02 15:17:32,926 - __main__ - INFO - 
--- Cycle 124 ---
2026-04-02 15:17:32,935 - __main__ - INFO - Signal: SELL (conf=0.59) -> C:\Users\Ahmed\Desktop\gold_trading_system\mt5_ea\signal.txt
2026-04-02 15:18:32,937 - __main__ - INFO - 
--- Cycle 125 ---
2026-04-02 15:18:32,949 - __main__ - INFO - Signal: SELL (conf=0.59) -> C:\Users\Ahmed\Desktop\gold_trading_system\mt5_ea\signal.txt
2026-04-02 15:19:32,950 - __main__ - INFO - 
--- Cycle 126 ---
2026-04-02 15:19:32,957 - __main__ - INFO - Signal: SELL (conf=0.56) -> C:\Users\Ahmed\Desktop\gold_trading_system\mt5_ea\signal.txt
2026-04-02 15:20:32,958 - __main__ - INFO - 
--- Cycle 127 ---
2026-04-02 15:20:32,967 - __main__ - INFO - Signal: HOLD (conf=0.00) -> C:\Users\Ahmed\Desktop\gold_trading_system\mt5_ea\signal.txt
2026-04-02 15:21:32,968 - __main__ - INFO - 
--- Cycle 128 ---
2026-04-02 15:21:32,976 - __main__ - INFO - Signal: HOLD (conf=0.00) -> C:\Users\Ahmed\Desktop\gold_trading_system\mt5_ea\signal.txt
2026-04-02 15:22:32,977 - __main__ - INFO - 
--- Cycle 129 ---
2026-04-02 15:22:32,986 - __main__ - INFO - Signal: HOLD (conf=0.00) -> C:\Users\Ahmed\Desktop\gold_trading_system\mt5_ea\signal.txt
2026-04-02 15:23:32,987 - __main__ - INFO - 
--- Cycle 130 ---
2026-04-02 15:23:32,997 - __main__ - INFO - Signal: HOLD (conf=0.00) -> C:\Users\Ahmed\Desktop\gold_trading_system\mt5_ea\signal.txt
2026-04-02 15:24:32,998 - __main__ - INFO - 
--- Cycle 131 ---
2026-04-02 15:24:33,007 - __main__ - INFO - Signal: BUY (conf=0.52) -> C:\Users\Ahmed\Desktop\gold_trading_system\mt5_ea\signal.txt
2026-04-02 15:25:33,007 - __main__ - INFO - 
--- Cycle 132 ---
2026-04-02 15:25:33,016 - __main__ - INFO - Signal: BUY (conf=0.51) -> C:\Users\Ahmed\Desktop\gold_trading_system\mt5_ea\signal.txt
2026-04-02 15:26:33,017 - __main__ - INFO - 
--- Cycle 133 ---
2026-04-02 15:26:33,026 - __main__ - INFO - Signal: BUY (conf=0.51) -> C:\Users\Ahmed\Desktop\gold_trading_system\mt5_ea\signal.txt
2026-04-02 15:27:33,027 - __main__ - INFO - 
--- Cycle 134 ---
2026-04-02 15:27:33,034 - __main__ - INFO - Signal: BUY (conf=0.51) -> C:\Users\Ahmed\Desktop\gold_trading_system\mt5_ea\signal.txt
2026-04-02 15:28:33,036 - __main__ - INFO - 
--- Cycle 135 ---
2026-04-02 15:28:33,042 - __main__ - INFO - Signal: BUY (conf=0.52) -> C:\Users\Ahmed\Desktop\gold_trading_system\mt5_ea\signal.txt
2026-04-02 15:29:33,044 - __main__ - INFO - 
--- Cycle 136 ---
2026-04-02 15:29:33,067 - __main__ - INFO - Signal: BUY (conf=0.54) -> C:\Users\Ahmed\Desktop\gold_trading_system\mt5_ea\signal.txt
2026-04-02 15:30:33,067 - __main__ - INFO - 
--- Cycle 137 ---
2026-04-02 15:30:33,074 - __main__ - INFO - Signal: BUY (conf=0.54) -> C:\Users\Ahmed\Desktop\gold_trading_system\mt5_ea\signal.txt
2026-04-02 15:31:33,076 - __main__ - INFO - 
--- Cycle 138 ---
2026-04-02 15:31:33,086 - __main__ - INFO - Signal: BUY (conf=0.53) -> C:\Users\Ahmed\Desktop\gold_trading_system\mt5_ea\signal.txt
2026-04-02 15:32:33,087 - __main__ - INFO - 
--- Cycle 139 ---
2026-04-02 15:32:33,094 - __main__ - INFO - Signal: BUY (conf=0.53) -> C:\Users\Ahmed\Desktop\gold_trading_system\mt5_ea\signal.txt
2026-04-02 15:33:33,095 - __main__ - INFO - 
--- Cycle 140 ---
2026-04-02 15:33:33,106 - __main__ - INFO - Signal: BUY (conf=0.53) -> C:\Users\Ahmed\Desktop\gold_trading_system\mt5_ea\signal.txt
2026-04-02 15:34:33,107 - __main__ - INFO - 
--- Cycle 141 ---
2026-04-02 15:34:33,114 - __main__ - INFO - Signal: BUY (conf=0.54) -> C:\Users\Ahmed\Desktop\gold_trading_system\mt5_ea\signal.txt
2026-04-02 15:35:33,114 - __main__ - INFO - 
--- Cycle 142 ---
2026-04-02 15:35:33,122 - __main__ - INFO - Signal: BUY (conf=0.55) -> C:\Users\Ahmed\Desktop\gold_trading_system\mt5_ea\signal.txt
2026-04-02 15:36:33,123 - __main__ - INFO - 
--- Cycle 143 ---
2026-04-02 15:36:33,131 - __main__ - INFO - Signal: BUY (conf=0.54) -> C:\Users\Ahmed\Desktop\gold_trading_system\mt5_ea\signal.txt
2026-04-02 15:37:33,131 - __main__ - INFO - 
--- Cycle 144 ---
2026-04-02 15:37:33,138 - __main__ - INFO - Signal: BUY (conf=0.54) -> C:\Users\Ahmed\Desktop\gold_trading_system\mt5_ea\signal.txt
2026-04-02 15:38:33,139 - __main__ - INFO - 
--- Cycle 145 ---
2026-04-02 15:38:33,150 - __main__ - INFO - Signal: BUY (conf=0.54) -> C:\Users\Ahmed\Desktop\gold_trading_system\mt5_ea\signal.txt
2026-04-02 15:39:33,151 - __main__ - INFO - 
--- Cycle 146 ---
2026-04-02 15:39:33,173 - __main__ - INFO - Signal: BUY (conf=0.55) -> C:\Users\Ahmed\Desktop\gold_trading_system\mt5_ea\signal.txt
2026-04-02 15:40:33,174 - __main__ - INFO - 
--- Cycle 147 ---
2026-04-02 15:40:33,182 - __main__ - INFO - Signal: BUY (conf=0.54) -> C:\Users\Ahmed\Desktop\gold_trading_system\mt5_ea\signal.txt
2026-04-02 15:41:33,183 - __main__ - INFO - 
--- Cycle 148 ---
2026-04-02 15:41:33,191 - __main__ - INFO - Signal: BUY (conf=0.54) -> C:\Users\Ahmed\Desktop\gold_trading_system\mt5_ea\signal.txt
2026-04-02 15:42:33,192 - __main__ - INFO - 
--- Cycle 149 ---
2026-04-02 15:42:33,216 - __main__ - INFO - Signal: HOLD (conf=0.00) -> C:\Users\Ahmed\Desktop\gold_trading_system\mt5_ea\signal.txt
2026-04-02 15:43:33,218 - __main__ - INFO - 
--- Cycle 150 ---
2026-04-02 15:43:33,241 - __main__ - INFO - Signal: HOLD (conf=0.00) -> C:\Users\Ahmed\Desktop\gold_trading_system\mt5_ea\signal.txt
2026-04-02 15:44:33,242 - __main__ - INFO - 
--- Cycle 151 ---
2026-04-02 15:44:33,248 - __main__ - INFO - Signal: HOLD (conf=0.00) -> C:\Users\Ahmed\Desktop\gold_trading_system\mt5_ea\signal.txt
2026-04-02 15:45:33,249 - __main__ - INFO - 
--- Cycle 152 ---
2026-04-02 15:45:33,256 - __main__ - INFO - Signal: BUY (conf=0.55) -> C:\Users\Ahmed\Desktop\gold_trading_system\mt5_ea\signal.txt
2026-04-02 15:46:33,258 - __main__ - INFO - 
--- Cycle 153 ---
2026-04-02 15:46:33,268 - __main__ - INFO - Signal: HOLD (conf=0.00) -> C:\Users\Ahmed\Desktop\gold_trading_system\mt5_ea\signal.txt
2026-04-02 15:47:33,269 - __main__ - INFO - 
--- Cycle 154 ---
2026-04-02 15:47:33,279 - __main__ - INFO - Signal: HOLD (conf=0.00) -> C:\Users\Ahmed\Desktop\gold_trading_system\mt5_ea\signal.txt
2026-04-02 15:48:33,280 - __main__ - INFO - 
--- Cycle 155 ---
2026-04-02 15:48:33,288 - __main__ - INFO - Signal: HOLD (conf=0.00) -> C:\Users\Ahmed\Desktop\gold_trading_system\mt5_ea\signal.txt
2026-04-02 15:49:33,289 - __main__ - INFO - 
--- Cycle 156 ---
2026-04-02 15:49:33,300 - __main__ - INFO - Signal: BUY (conf=0.53) -> C:\Users\Ahmed\Desktop\gold_trading_system\mt5_ea\signal.txt
2026-04-02 15:50:33,301 - __main__ - INFO - 
--- Cycle 157 ---
2026-04-02 15:50:33,312 - __main__ - INFO - Signal: BUY (conf=0.54) -> C:\Users\Ahmed\Desktop\gold_trading_system\mt5_ea\signal.txt
2026-04-02 15:51:33,312 - __main__ - INFO - 
--- Cycle 158 ---
2026-04-02 15:51:33,321 - __main__ - INFO - Signal: BUY (conf=0.54) -> C:\Users\Ahmed\Desktop\gold_trading_system\mt5_ea\signal.txt
2026-04-02 15:52:33,322 - __main__ - INFO - 
--- Cycle 159 ---
2026-04-02 15:52:33,329 - __main__ - INFO - Signal: BUY (conf=0.55) -> C:\Users\Ahmed\Desktop\gold_trading_system\mt5_ea\signal.txt
2026-04-02 15:53:33,330 - __main__ - INFO - 
--- Cycle 160 ---
2026-04-02 15:53:33,341 - __main__ - INFO - Signal: BUY (conf=0.54) -> C:\Users\Ahmed\Desktop\gold_trading_system\mt5_ea\signal.txt
2026-04-02 15:54:33,342 - __main__ - INFO - 
--- Cycle 161 ---
2026-04-02 15:54:33,352 - __main__ - INFO - Signal: HOLD (conf=0.00) -> C:\Users\Ahmed\Desktop\gold_trading_system\mt5_ea\signal.txt
2026-04-02 15:55:33,353 - __main__ - INFO - 
--- Cycle 162 ---
2026-04-02 15:55:33,359 - __main__ - INFO - Signal: HOLD (conf=0.00) -> C:\Users\Ahmed\Desktop\gold_trading_system\mt5_ea\signal.txt
2026-04-02 15:56:33,360 - __main__ - INFO - 
--- Cycle 163 ---
2026-04-02 15:56:33,368 - __main__ - INFO - Signal: HOLD (conf=0.00) -> C:\Users\Ahmed\Desktop\gold_trading_system\mt5_ea\signal.txt
2026-04-02 15:57:33,369 - __main__ - INFO - 
--- Cycle 164 ---
2026-04-02 15:57:33,379 - __main__ - INFO - Signal: HOLD (conf=0.00) -> C:\Users\Ahmed\Desktop\gold_trading_system\mt5_ea\signal.txt
2026-04-02 15:58:33,380 - __main__ - INFO - 
--- Cycle 165 ---
2026-04-02 15:58:33,387 - __main__ - INFO - Signal: SELL (conf=0.52) -> C:\Users\Ahmed\Desktop\gold_trading_system\mt5_ea\signal.txt
2026-04-02 15:59:33,388 - __main__ - INFO - 
--- Cycle 166 ---
2026-04-02 15:59:33,396 - __main__ - INFO - Signal: SELL (conf=0.58) -> C:\Users\Ahmed\Desktop\gold_trading_system\mt5_ea\signal.txt
2026-04-02 16:00:33,397 - __main__ - INFO - 
--- Cycle 167 ---
2026-04-02 16:00:33,414 - __main__ - INFO - Signal: SELL (conf=0.60) -> C:\Users\Ahmed\Desktop\gold_trading_system\mt5_ea\signal.txt
2026-04-02 16:01:33,416 - __main__ - INFO - 
--- Cycle 168 ---
2026-04-02 16:01:33,427 - __main__ - INFO - Signal: SELL (conf=0.56) -> C:\Users\Ahmed\Desktop\gold_trading_system\mt5_ea\signal.txt
2026-04-02 16:02:33,428 - __main__ - INFO - 
--- Cycle 169 ---
2026-04-02 16:02:33,439 - __main__ - INFO - Signal: SELL (conf=0.60) -> C:\Users\Ahmed\Desktop\gold_trading_system\mt5_ea\signal.txt
2026-04-02 16:03:33,439 - __main__ - INFO - 
--- Cycle 170 ---
2026-04-02 16:03:33,446 - __main__ - INFO - Signal: SELL (conf=0.58) -> C:\Users\Ahmed\Desktop\gold_trading_system\mt5_ea\signal.txt
2026-04-02 16:04:33,447 - __main__ - INFO - 
--- Cycle 171 ---
2026-04-02 16:04:33,457 - __main__ - INFO - Signal: SELL (conf=0.61) -> C:\Users\Ahmed\Desktop\gold_trading_system\mt5_ea\signal.txt
2026-04-02 16:05:33,458 - __main__ - INFO - 
--- Cycle 172 ---
2026-04-02 16:05:33,465 - __main__ - INFO - Signal: SELL (conf=0.57) -> C:\Users\Ahmed\Desktop\gold_trading_system\mt5_ea\signal.txt
2026-04-02 16:06:33,466 - __main__ - INFO - 
--- Cycle 173 ---
2026-04-02 16:06:33,473 - __main__ - INFO - Signal: SELL (conf=0.56) -> C:\Users\Ahmed\Desktop\gold_trading_system\mt5_ea\signal.txt
2026-04-02 16:07:33,474 - __main__ - INFO - 
--- Cycle 174 ---
2026-04-02 16:07:33,484 - __main__ - INFO - Signal: SELL (conf=0.58) -> C:\Users\Ahmed\Desktop\gold_trading_system\mt5_ea\signal.txt
2026-04-02 16:08:33,486 - __main__ - INFO - 
--- Cycle 175 ---
2026-04-02 16:08:33,494 - __main__ - INFO - Signal: SELL (conf=0.60) -> C:\Users\Ahmed\Desktop\gold_trading_system\mt5_ea\signal.txt
2026-04-02 16:09:33,495 - __main__ - INFO - 
--- Cycle 176 ---
2026-04-02 16:09:33,505 - __main__ - INFO - Signal: SELL (conf=0.61) -> C:\Users\Ahmed\Desktop\gold_trading_system\mt5_ea\signal.txt
2026-04-02 16:10:33,506 - __main__ - INFO - 
--- Cycle 177 ---
2026-04-02 16:10:33,516 - __main__ - INFO - Signal: SELL (conf=0.63) -> C:\Users\Ahmed\Desktop\gold_trading_system\mt5_ea\signal.txt
2026-04-02 16:11:33,517 - __main__ - INFO - 
--- Cycle 178 ---
2026-04-02 16:11:33,525 - __main__ - INFO - Signal: SELL (conf=0.63) -> C:\Users\Ahmed\Desktop\gold_trading_system\mt5_ea\signal.txt
2026-04-02 16:12:33,526 - __main__ - INFO - 
--- Cycle 179 ---
2026-04-02 16:12:33,538 - __main__ - INFO - Signal: SELL (conf=0.65) -> C:\Users\Ahmed\Desktop\gold_trading_system\mt5_ea\signal.txt
2026-04-02 16:13:33,540 - __main__ - INFO - 
--- Cycle 180 ---
2026-04-02 16:13:33,551 - __main__ - INFO - Signal: SELL (conf=0.64) -> C:\Users\Ahmed\Desktop\gold_trading_system\mt5_ea\signal.txt
2026-04-02 16:14:33,552 - __main__ - INFO - 
--- Cycle 181 ---
2026-04-02 16:14:33,558 - __main__ - INFO - Signal: SELL (conf=0.67) -> C:\Users\Ahmed\Desktop\gold_trading_system\mt5_ea\signal.txt
2026-04-02 16:15:33,559 - __main__ - INFO - 
--- Cycle 182 ---
2026-04-02 16:15:33,567 - __main__ - INFO - Signal: SELL (conf=0.66) -> C:\Users\Ahmed\Desktop\gold_trading_system\mt5_ea\signal.txt
2026-04-02 16:16:33,568 - __main__ - INFO - 
--- Cycle 183 ---
2026-04-02 16:16:33,578 - __main__ - INFO - Signal: SELL (conf=0.68) -> C:\Users\Ahmed\Desktop\gold_trading_system\mt5_ea\signal.txt
2026-04-02 16:17:33,579 - __main__ - INFO - 
--- Cycle 184 ---
2026-04-02 16:17:33,590 - __main__ - INFO - Signal: SELL (conf=0.68) -> C:\Users\Ahmed\Desktop\gold_trading_system\mt5_ea\signal.txt
2026-04-02 16:18:33,591 - __main__ - INFO - 
--- Cycle 185 ---
2026-04-02 16:18:33,601 - __main__ - INFO - Signal: SELL (conf=0.67) -> C:\Users\Ahmed\Desktop\gold_trading_system\mt5_ea\signal.txt
2026-04-02 16:19:33,602 - __main__ - INFO - 
--- Cycle 186 ---
2026-04-02 16:19:33,614 - __main__ - INFO - Signal: SELL (conf=0.68) -> C:\Users\Ahmed\Desktop\gold_trading_system\mt5_ea\signal.txt
2026-04-02 16:20:33,614 - __main__ - INFO - 
--- Cycle 187 ---
2026-04-02 16:20:33,625 - __main__ - INFO - Signal: SELL (conf=0.68) -> C:\Users\Ahmed\Desktop\gold_trading_system\mt5_ea\signal.txt
2026-04-02 16:21:33,626 - __main__ - INFO - 
--- Cycle 188 ---
2026-04-02 16:21:33,633 - __main__ - INFO - Signal: SELL (conf=0.67) -> C:\Users\Ahmed\Desktop\gold_trading_system\mt5_ea\signal.txt
2026-04-02 16:22:33,634 - __main__ - INFO - 
--- Cycle 189 ---
2026-04-02 16:22:33,645 - __main__ - INFO - Signal: SELL (conf=0.68) -> C:\Users\Ahmed\Desktop\gold_trading_system\mt5_ea\signal.txt
2026-04-02 16:23:33,646 - __main__ - INFO - 
--- Cycle 190 ---
2026-04-02 16:23:33,656 - __main__ - INFO - Signal: SELL (conf=0.69) -> C:\Users\Ahmed\Desktop\gold_trading_system\mt5_ea\signal.txt
2026-04-02 16:24:33,657 - __main__ - INFO - 
--- Cycle 191 ---
2026-04-02 16:24:33,665 - __main__ - INFO - Signal: SELL (conf=0.71) -> C:\Users\Ahmed\Desktop\gold_trading_system\mt5_ea\signal.txt
2026-04-02 16:25:33,666 - __main__ - INFO - 
--- Cycle 192 ---
2026-04-02 16:25:33,690 - __main__ - INFO - Signal: SELL (conf=0.71) -> C:\Users\Ahmed\Desktop\gold_trading_system\mt5_ea\signal.txt
2026-04-02 16:26:33,692 - __main__ - INFO - 
--- Cycle 193 ---
2026-04-02 16:26:33,715 - __main__ - INFO - Signal: SELL (conf=0.69) -> C:\Users\Ahmed\Desktop\gold_trading_system\mt5_ea\signal.txt
2026-04-02 16:27:33,716 - __main__ - INFO - 
--- Cycle 194 ---
2026-04-02 16:27:33,742 - __main__ - INFO - Signal: SELL (conf=0.69) -> C:\Users\Ahmed\Desktop\gold_trading_system\mt5_ea\signal.txt
2026-04-02 16:28:33,743 - __main__ - INFO - 
--- Cycle 195 ---
2026-04-02 16:28:33,751 - __main__ - INFO - Signal: SELL (conf=0.68) -> C:\Users\Ahmed\Desktop\gold_trading_system\mt5_ea\signal.txt
2026-04-02 16:29:33,753 - __main__ - INFO - 
--- Cycle 196 ---
2026-04-02 16:29:33,777 - __main__ - INFO - Signal: SELL (conf=0.65) -> C:\Users\Ahmed\Desktop\gold_trading_system\mt5_ea\signal.txt
2026-04-02 16:30:33,779 - __main__ - INFO - 
--- Cycle 197 ---
2026-04-02 16:30:33,788 - __main__ - INFO - Signal: SELL (conf=0.65) -> C:\Users\Ahmed\Desktop\gold_trading_system\mt5_ea\signal.txt
2026-04-02 16:31:33,788 - __main__ - INFO - 
--- Cycle 198 ---
2026-04-02 16:31:33,810 - __main__ - INFO - Signal: SELL (conf=0.65) -> C:\Users\Ahmed\Desktop\gold_trading_system\mt5_ea\signal.txt
2026-04-02 16:32:33,812 - __main__ - INFO - 
--- Cycle 199 ---
2026-04-02 16:32:33,836 - __main__ - INFO - Signal: SELL (conf=0.67) -> C:\Users\Ahmed\Desktop\gold_trading_system\mt5_ea\signal.txt
2026-04-02 16:33:33,838 - __main__ - INFO - 
--- Cycle 200 ---
2026-04-02 16:33:33,860 - __main__ - INFO - Signal: SELL (conf=0.66) -> C:\Users\Ahmed\Desktop\gold_trading_system\mt5_ea\signal.txt
2026-04-02 16:34:33,862 - __main__ - INFO - 
--- Cycle 201 ---
2026-04-02 16:34:33,887 - __main__ - INFO - Signal: SELL (conf=0.64) -> C:\Users\Ahmed\Desktop\gold_trading_system\mt5_ea\signal.txt
2026-04-02 16:35:33,889 - __main__ - INFO - 
--- Cycle 202 ---
2026-04-02 16:35:33,913 - __main__ - INFO - Signal: SELL (conf=0.65) -> C:\Users\Ahmed\Desktop\gold_trading_system\mt5_ea\signal.txt
2026-04-02 16:36:33,915 - __main__ - INFO - 
--- Cycle 203 ---
2026-04-02 16:36:33,940 - __main__ - INFO - Signal: SELL (conf=0.65) -> C:\Users\Ahmed\Desktop\gold_trading_system\mt5_ea\signal.txt
2026-04-02 16:37:33,941 - __main__ - INFO - 
--- Cycle 204 ---
2026-04-02 16:37:38,643 - __main__ - INFO - Signal: SELL (conf=0.65) -> C:\Users\Ahmed\Desktop\gold_trading_system\mt5_ea\signal.txt
